<?xml version="1.0" encoding="UTF-8"?>
<testng-results ignored="0" total="1" passed="1" failed="0" skipped="0">
  <reporter-output>
  </reporter-output>
  <suite started-at="2023-05-21T14:15:24 IST" name="Default suite" finished-at="2023-05-21T14:15:41 IST" duration-ms="17067">
    <groups>
    </groups>
    <test started-at="2023-05-21T14:15:24 IST" name="Default test" finished-at="2023-05-21T14:15:41 IST" duration-ms="17067">
      <class name="selinium.Learning.GuviProjectPractise">
        <test-method signature="brokenLink()[pri:0, instance:selinium.Learning.GuviProjectPractise@1cbb87f3]" started-at="2023-05-21T14:15:24 IST" name="brokenLink" finished-at="2023-05-21T14:15:41 IST" duration-ms="16983" status="PASS">
          <reporter-output>
          </reporter-output>
        </test-method> <!-- brokenLink -->
      </class> <!-- selinium.Learning.GuviProjectPractise -->
    </test> <!-- Default test -->
  </suite> <!-- Default suite -->
</testng-results>
